<?xml version="1.0" encoding="UTF-8"?>
<!-- Generated by org.testng.reporters.JUnitXMLReporter -->
<testsuite hostname="LAPTOP-LOG2SSBM" ignored="0" name="Test" tests="2" failures="1" timestamp="28 May 2020 08:21:14 GMT" time="0.056" errors="0">
  <testcase name="@AfterTest termi" time="0.001" classname="Startin.FlipTest">
    <failure type="java.lang.NullPointerException">
      <![CDATA[java.lang.NullPointerException
at Startin.FlipTest.termi(FlipTest.java:57)
... Removed 28 stack frames]]>
    </failure>
  </testcase> <!-- @AfterTest termi -->
  <testcase name="@AfterTest termni" time="0.0" classname="Startin.LoginTest">
    <skipped/>
  </testcase> <!-- @AfterTest termni -->
  <testcase name="hello" time="0.008" classname="Startin.FlipTest"/>
  <testcase name="passed" time="0.0" classname="Startin.FlipTest">
    <failure type="org.testng.TestNGException" message="
Parameter &amp;apos;url&amp;apos; is required by @Test on method passed but has not been marked @Optional or defined
in D:\selenium workspace\May15\testng.xml">
      <![CDATA[org.testng.TestNGException: 
Parameter 'url' is required by @Test on method passed but has not been marked @Optional or defined
in D:\selenium workspace\May15\testng.xml
... Removed 28 stack frames]]>
    </failure>
  </testcase> <!-- passed -->
</testsuite> <!-- Test -->
