<?xml version="1.0" encoding="UTF-8"?>
<!-- Generated by org.testng.reporters.JUnitReportReporter -->
<testsuite skipped="0" hostname="LAPTOP-LOG2SSBM" name="Startin.LoginTest" tests="3" failures="0" timestamp="27 May 2020 08:57:59 GMT" time="36.316" errors="1">
  <testcase name="loginMe" time="13.205" classname="Startin.LoginTest">
    <error type="org.openqa.selenium.SessionNotCreatedException" message="session not created
from chrome not reachable
  (Session info: chrome=81.0.4044.138)
Build info: version: &#039;3.141.59&#039;, revision: &#039;e82be7d358&#039;, time: &#039;2018-11-14T08:17:03&#039;
System info: host: &#039;LAPTOP-LOG2SSBM&#039;, ip: &#039;192.168.56.1&#039;, os.name: &#039;Windows 10&#039;, os.arch: &#039;amd64&#039;, os.version: &#039;10.0&#039;, java.version: &#039;1.8.0_231&#039;
Driver info: driver.version: ChromeDriver
remote stacktrace: Backtrace:
	Ordinal0 [0x00735F73+2449267]
	Ordinal0 [0x00668361+1606497]
	Ordinal0 [0x0055F812+522258]
	Ordinal0 [0x005595B2+497074]
	Ordinal0 [0x00559C9B+498843]
	Ordinal0 [0x0055ABF5+502773]
	Ordinal0 [0x00556724+485156]
	Ordinal0 [0x00560600+525824]
	Ordinal0 [0x0050CBB9+183225]
	Ordinal0 [0x0050BF2D+180013]
	Ordinal0 [0x00509E5B+171611]
	Ordinal0 [0x004F1DD8+73176]
	Ordinal0 [0x004F2E50+77392]
	Ordinal0 [0x004F2DE9+77289]
	Ordinal0 [0x0067D8D7+1693911]
	GetHandleVerifier [0x007D4036+522726]
	GetHandleVerifier [0x007D3D74+522020]
	GetHandleVerifier [0x007E9187+609079]
	GetHandleVerifier [0x007D48A6+524886]
	Ordinal0 [0x00675CBC+1662140]
	Ordinal0 [0x0067F23B+1700411]
	Ordinal0 [0x0067F3A3+1700771]
	Ordinal0 [0x00695215+1790485]
	BaseThreadInitThunk [0x757F6359+25]
	RtlGetAppContainerNamedObjectPath [0x77667C24+228]
	RtlGetAppContainerNamedObjectPath [0x77667BF4+180]
">
      <![CDATA[org.openqa.selenium.SessionNotCreatedException: session not created
from chrome not reachable
  (Session info: chrome=81.0.4044.138)
Build info: version: '3.141.59', revision: 'e82be7d358', time: '2018-11-14T08:17:03'
System info: host: 'LAPTOP-LOG2SSBM', ip: '192.168.56.1', os.name: 'Windows 10', os.arch: 'amd64', os.version: '10.0', java.version: '1.8.0_231'
Driver info: driver.version: ChromeDriver
remote stacktrace: Backtrace:
Ordinal0 [0x00735F73+2449267]
Ordinal0 [0x00668361+1606497]
Ordinal0 [0x0055F812+522258]
Ordinal0 [0x005595B2+497074]
Ordinal0 [0x00559C9B+498843]
Ordinal0 [0x0055ABF5+502773]
Ordinal0 [0x00556724+485156]
Ordinal0 [0x00560600+525824]
Ordinal0 [0x0050CBB9+183225]
Ordinal0 [0x0050BF2D+180013]
Ordinal0 [0x00509E5B+171611]
Ordinal0 [0x004F1DD8+73176]
Ordinal0 [0x004F2E50+77392]
Ordinal0 [0x004F2DE9+77289]
Ordinal0 [0x0067D8D7+1693911]
GetHandleVerifier [0x007D4036+522726]
GetHandleVerifier [0x007D3D74+522020]
GetHandleVerifier [0x007E9187+609079]
GetHandleVerifier [0x007D48A6+524886]
Ordinal0 [0x00675CBC+1662140]
Ordinal0 [0x0067F23B+1700411]
Ordinal0 [0x0067F3A3+1700771]
Ordinal0 [0x00695215+1790485]
BaseThreadInitThunk [0x757F6359+25]
RtlGetAppContainerNamedObjectPath [0x77667C24+228]
RtlGetAppContainerNamedObjectPath [0x77667BF4+180]

at sun.reflect.NativeConstructorAccessorImpl.newInstance0(Native Method)
at sun.reflect.NativeConstructorAccessorImpl.newInstance(NativeConstructorAccessorImpl.java:62)
at sun.reflect.DelegatingConstructorAccessorImpl.newInstance(DelegatingConstructorAccessorImpl.java:45)
at java.lang.reflect.Constructor.newInstance(Constructor.java:423)
at org.openqa.selenium.remote.W3CHandshakeResponse.lambda$errorHandler$0(W3CHandshakeResponse.java:62)
at org.openqa.selenium.remote.HandshakeResponse.lambda$getResponseFunction$0(HandshakeResponse.java:30)
at org.openqa.selenium.remote.ProtocolHandshake.lambda$createSession$0(ProtocolHandshake.java:126)
at java.util.stream.ReferencePipeline$3$1.accept(ReferencePipeline.java:193)
at java.util.Spliterators$ArraySpliterator.tryAdvance(Spliterators.java:958)
at java.util.stream.ReferencePipeline.forEachWithCancel(ReferencePipeline.java:126)
at java.util.stream.AbstractPipeline.copyIntoWithCancel(AbstractPipeline.java:499)
at java.util.stream.AbstractPipeline.copyInto(AbstractPipeline.java:486)
at java.util.stream.AbstractPipeline.wrapAndCopyInto(AbstractPipeline.java:472)
at java.util.stream.FindOps$FindOp.evaluateSequential(FindOps.java:152)
at java.util.stream.AbstractPipeline.evaluate(AbstractPipeline.java:234)
at java.util.stream.ReferencePipeline.findFirst(ReferencePipeline.java:464)
at org.openqa.selenium.remote.ProtocolHandshake.createSession(ProtocolHandshake.java:128)
at org.openqa.selenium.remote.ProtocolHandshake.createSession(ProtocolHandshake.java:74)
at org.openqa.selenium.remote.HttpCommandExecutor.execute(HttpCommandExecutor.java:136)
at org.openqa.selenium.remote.service.DriverCommandExecutor.execute(DriverCommandExecutor.java:83)
at org.openqa.selenium.remote.RemoteWebDriver.execute(RemoteWebDriver.java:552)
at org.openqa.selenium.remote.RemoteWebDriver.startSession(RemoteWebDriver.java:213)
at org.openqa.selenium.remote.RemoteWebDriver.<init>(RemoteWebDriver.java:131)
at org.openqa.selenium.chrome.ChromeDriver.<init>(ChromeDriver.java:181)
at org.openqa.selenium.chrome.ChromeDriver.<init>(ChromeDriver.java:168)
at org.openqa.selenium.chrome.ChromeDriver.<init>(ChromeDriver.java:123)
at Startin.base.startDriver(base.java:30)
at Startin.LoginTest.loginMe(LoginTest.java:22)
at sun.reflect.NativeMethodAccessorImpl.invoke0(Native Method)
at sun.reflect.NativeMethodAccessorImpl.invoke(NativeMethodAccessorImpl.java:62)
at sun.reflect.DelegatingMethodAccessorImpl.invoke(DelegatingMethodAccessorImpl.java:43)
at java.lang.reflect.Method.invoke(Method.java:498)
at org.testng.internal.MethodInvocationHelper.invokeMethod(MethodInvocationHelper.java:124)
at org.testng.internal.Invoker.invokeMethod(Invoker.java:583)
at org.testng.internal.Invoker.invokeTestMethod(Invoker.java:719)
at org.testng.internal.Invoker.invokeTestMethods(Invoker.java:989)
at org.testng.internal.TestMethodWorker.invokeTestMethods(TestMethodWorker.java:125)
at org.testng.internal.TestMethodWorker.run(TestMethodWorker.java:109)
at org.testng.TestRunner.privateRun(TestRunner.java:648)
at org.testng.TestRunner.run(TestRunner.java:505)
at org.testng.SuiteRunner.runTest(SuiteRunner.java:455)
at org.testng.SuiteRunner.runSequentially(SuiteRunner.java:450)
at org.testng.SuiteRunner.privateRun(SuiteRunner.java:415)
at org.testng.SuiteRunner.run(SuiteRunner.java:364)
at org.testng.SuiteRunnerWorker.runSuite(SuiteRunnerWorker.java:52)
at org.testng.SuiteRunnerWorker.run(SuiteRunnerWorker.java:84)
at org.testng.TestNG.runSuitesSequentially(TestNG.java:1208)
at org.testng.TestNG.runSuitesLocally(TestNG.java:1137)
at org.testng.TestNG.runSuites(TestNG.java:1049)
at org.testng.TestNG.run(TestNG.java:1017)
at org.testng.remote.AbstractRemoteTestNG.run(AbstractRemoteTestNG.java:115)
at org.testng.remote.RemoteTestNG.initAndRun(RemoteTestNG.java:251)
at org.testng.remote.RemoteTestNG.main(RemoteTestNG.java:77)
]]>
    </error>
  </testcase> <!-- loginMe -->
  <testcase name="loginMe" time="11.671" classname="Startin.LoginTest"/>
  <testcase name="loginMe" time="11.440" classname="Startin.LoginTest"/>
</testsuite> <!-- Startin.LoginTest -->
